<?xml version="1.0" encoding="UTF-8"?>
<testng-results skipped="0" failed="0" total="1" passed="1">
  <reporter-output>
  </reporter-output>
  <suite name="Command line suite" duration-ms="39" started-at="2016-06-21T10:19:47Z" finished-at="2016-06-21T10:19:47Z">
    <groups>
    </groups>
    <test name="Command line test" duration-ms="39" started-at="2016-06-21T10:19:47Z" finished-at="2016-06-21T10:19:47Z">
      <class name="WebDriverTest.WebDriverTest.AppTest">
        <test-method status="PASS" signature="testApp()[pri:0, instance:testApp(WebDriverTest.WebDriverTest.AppTest)]" name="testApp" duration-ms="2" started-at="2016-06-21T15:49:47Z" finished-at="2016-06-21T15:49:47Z">
          <reporter-output>
          </reporter-output>
        </test-method> <!-- testApp -->
      </class> <!-- WebDriverTest.WebDriverTest.AppTest -->
    </test> <!-- Command line test -->
  </suite> <!-- Command line suite -->
</testng-results>
