<?xml version="1.0" encoding="UTF-8"?>
<testng-results skipped="0" failed="0" total="2" passed="2">
  <reporter-output>
  </reporter-output>
  <suite name="Command line suite" duration-ms="17268" started-at="2016-06-21T10:19:30Z" finished-at="2016-06-21T10:19:47Z">
    <groups>
    </groups>
    <test name="Command line test" duration-ms="17268" started-at="2016-06-21T10:19:30Z" finished-at="2016-06-21T10:19:47Z">
      <class name="WebDriverTest.WebDriverTest.LinkTest">
        <test-method status="PASS" signature="testLinks()[pri:0, instance:WebDriverTest.WebDriverTest.LinkTest@6f18a7e0]" name="testLinks" duration-ms="113" started-at="2016-06-21T15:49:47Z" finished-at="2016-06-21T15:49:47Z">
          <reporter-output>
          </reporter-output>
        </test-method> <!-- testLinks -->
      </class> <!-- WebDriverTest.WebDriverTest.LinkTest -->
      <class name="WebDriverTest.WebDriverTest.GoogleTest">
        <test-method status="PASS" signature="beforeTest()[pri:0, instance:WebDriverTest.WebDriverTest.GoogleTest@5489a339]" name="beforeTest" is-config="true" duration-ms="8261" started-at="2016-06-21T15:49:30Z" finished-at="2016-06-21T15:49:38Z">
          <reporter-output>
          </reporter-output>
        </test-method> <!-- beforeTest -->
        <test-method status="PASS" signature="beforeTest()[pri:0, instance:WebDriverTest.WebDriverTest.LinkTest@6f18a7e0]" name="beforeTest" is-config="true" duration-ms="8834" started-at="2016-06-21T15:49:38Z" finished-at="2016-06-21T15:49:47Z">
          <reporter-output>
          </reporter-output>
        </test-method> <!-- beforeTest -->
        <test-method status="PASS" signature="checkTitle()[pri:0, instance:WebDriverTest.WebDriverTest.GoogleTest@5489a339]" name="checkTitle" duration-ms="21" started-at="2016-06-21T15:49:47Z" finished-at="2016-06-21T15:49:47Z">
          <reporter-output>
          </reporter-output>
        </test-method> <!-- checkTitle -->
        <test-method status="PASS" signature="afterTest()[pri:0, instance:WebDriverTest.WebDriverTest.GoogleTest@5489a339]" name="afterTest" is-config="true" duration-ms="11" started-at="2016-06-21T15:49:47Z" finished-at="2016-06-21T15:49:47Z">
          <reporter-output>
          </reporter-output>
        </test-method> <!-- afterTest -->
        <test-method status="PASS" signature="afterTest()[pri:0, instance:WebDriverTest.WebDriverTest.LinkTest@6f18a7e0]" name="afterTest" is-config="true" duration-ms="11" started-at="2016-06-21T15:49:47Z" finished-at="2016-06-21T15:49:47Z">
          <reporter-output>
          </reporter-output>
        </test-method> <!-- afterTest -->
      </class> <!-- WebDriverTest.WebDriverTest.GoogleTest -->
    </test> <!-- Command line test -->
  </suite> <!-- Command line suite -->
</testng-results>
